This file contains any messages produced by compilers while
running configure, to aid debugging if configure makes a mistake.

It was created by ant-war configure 0.1.0, which was
generated by GNU Autoconf 2.72.  Invocation command line was

  $ ./configure

## --------- ##
## Platform. ##
## --------- ##

hostname = sparkles.local
uname -m = arm64
uname -r = 24.3.0
uname -s = Darwin
uname -v = Darwin Kernel Version 24.3.0: Thu Jan  2 20:24:16 PST 2025; root:xnu-11215.81.4~3/RELEASE_ARM64_T6000

/usr/bin/uname -p = arm
/bin/uname -X     = unknown

/bin/arch              = unknown
/usr/bin/arch -k       = unknown
/usr/convex/getsysinfo = unknown
/usr/bin/hostinfo      = Mach kernel version:
	 Darwin Kernel Version 24.3.0: Thu Jan  2 20:24:16 PST 2025; root:xnu-11215.81.4~3/RELEASE_ARM64_T6000
Kernel configured for up to 10 processors.
10 processors are physically available.
10 processors are logically available.
Processor type: arm64e (ARM64E)
Processors active: 0 1 2 3 4 5 6 7 8 9
Primary memory available: 32.00 gigabytes
Default processor set: 870 tasks, 4854 threads, 10 processors
Load average: 5.65, Mach factor: 6.94
/bin/machine           = unknown
/usr/bin/oslevel       = unknown
/bin/universe          = unknown

PATH: /Users/allysa/anaconda3/condabin/
PATH: /opt/homebrew/opt/openjdk@17/bin/
PATH: /Users/allysa/.cargo/bin/
PATH: /opt/homebrew/bin/
PATH: /opt/homebrew/sbin/
PATH: /Library/Frameworks/Python.framework/Versions/3.7/bin/
PATH: /usr/local/bin/
PATH: /System/Cryptexes/App/usr/bin/
PATH: /usr/bin/
PATH: /bin/
PATH: /usr/sbin/
PATH: /sbin/
PATH: /var/run/com.apple.security.cryptexd/codex.system/bootstrap/usr/local/bin/
PATH: /var/run/com.apple.security.cryptexd/codex.system/bootstrap/usr/bin/
PATH: /var/run/com.apple.security.cryptexd/codex.system/bootstrap/usr/appleinternal/bin/
PATH: /Library/Apple/usr/bin/
PATH: /Library/TeX/texbin/
PATH: /Users/allysa/go/bin/
PATH: /Users/allysa/Library/Application Support/JetBrains/Toolbox/scripts/


## ----------- ##
## Core tests. ##
## ----------- ##

configure:2757: looking for aux files: missing install-sh compile config.guess config.sub ltmain.sh
configure:2770:  trying ./
configure:2799:   ./missing found
configure:2781:   ./install-sh found
configure:2799:   ./compile found
configure:2799:   ./config.guess found
configure:2799:   ./config.sub found
configure:2799:   ./ltmain.sh found
configure:2948: checking build system type
configure:2964: result: aarch64-apple-darwin24.3.0
configure:2984: checking host system type
configure:2999: result: aarch64-apple-darwin24.3.0
configure:3040: checking how to print strings
configure:3067: result: printf
configure:3154: checking for gcc
configure:3175: found /usr/bin/gcc
configure:3187: result: gcc
configure:3546: checking for C compiler version
configure:3555: gcc --version >&5
Apple clang version 16.0.0 (clang-1600.0.26.6)
Target: arm64-apple-darwin24.3.0
Thread model: posix
InstalledDir: /Library/Developer/CommandLineTools/usr/bin
configure:3566: $? = 0
configure:3555: gcc -v >&5
Apple clang version 16.0.0 (clang-1600.0.26.6)
Target: arm64-apple-darwin24.3.0
Thread model: posix
InstalledDir: /Library/Developer/CommandLineTools/usr/bin
configure:3566: $? = 0
configure:3555: gcc -V >&5
clang: error: argument to '-V' is missing (expected 1 value)
clang: error: no input files
configure:3566: $? = 1
configure:3555: gcc -qversion >&5
clang: error: unknown argument '-qversion'; did you mean '--version'?
clang: error: no input files
configure:3566: $? = 1
configure:3555: gcc -version >&5
clang: error: unknown argument '-version'; did you mean '--version'?
clang: error: no input files
configure:3566: $? = 1
configure:3586: checking whether the C compiler works
configure:3608: gcc    conftest.c  >&5
configure:3612: $? = 0
configure:3663: result: yes
configure:3667: checking for C compiler default output file name
configure:3669: result: a.out
configure:3675: checking for suffix of executables
configure:3682: gcc -o conftest    conftest.c  >&5
configure:3686: $? = 0
configure:3710: result: 
configure:3734: checking whether we are cross compiling
configure:3742: gcc -o conftest    conftest.c  >&5
configure:3746: $? = 0
configure:3753: ./conftest
configure:3757: $? = 0
configure:3772: result: no
configure:3778: checking for suffix of object files
configure:3801: gcc -c   conftest.c >&5
configure:3805: $? = 0
configure:3829: result: o
configure:3833: checking whether the compiler supports GNU C
configure:3853: gcc -c   conftest.c >&5
configure:3853: $? = 0
configure:3865: result: yes
configure:3876: checking whether gcc accepts -g
configure:3897: gcc -c -g  conftest.c >&5
configure:3897: $? = 0
configure:3944: result: yes
configure:3964: checking for gcc option to enable C11 features
configure:3979: gcc  -c -g -O2  conftest.c >&5
configure:3979: $? = 0
configure:3998: result: none needed
configure:4122: checking whether gcc understands -c and -o together
configure:4145: gcc -c conftest.c -o conftest2.o
configure:4148: $? = 0
configure:4145: gcc -c conftest.c -o conftest2.o
configure:4148: $? = 0
configure:4164: result: yes
configure:4181: checking for a sed that does not truncate output
configure:4253: result: /opt/homebrew/bin/gsed
configure:4271: checking for grep that handles long lines and -e
configure:4337: result: /usr/bin/grep
configure:4342: checking for egrep
configure:4412: result: /usr/bin/grep -E
configure:4419: checking for fgrep
configure:4489: result: /usr/bin/grep -F
configure:4526: checking for ld used by gcc
configure:4595: result: /Library/Developer/CommandLineTools/usr/bin/ld
configure:4602: checking if the linker (/Library/Developer/CommandLineTools/usr/bin/ld) is GNU ld
configure:4619: result: no
configure:4631: checking for BSD- or MS-compatible name lister (nm)
configure:4687: result: /usr/bin/nm -B
configure:4829: checking the name lister (/usr/bin/nm -B) interface
configure:4837: gcc -c -g -O2  conftest.c >&5
configure:4840: /usr/bin/nm -B "conftest.o"
configure:4843: output
0000000000000224 S _some_variable
0000000000000000 t ltmp0
0000000000000224 s ltmp1
configure:4851: result: BSD nm
configure:4854: checking whether ln -s works
configure:4858: result: yes
configure:4866: checking the maximum length of command line arguments
configure:4999: result: 786432
configure:5047: checking how to convert aarch64-apple-darwin24.3.0 file names to aarch64-apple-darwin24.3.0 format
configure:5089: result: func_convert_file_noop
configure:5096: checking how to convert aarch64-apple-darwin24.3.0 file names to toolchain format
configure:5118: result: func_convert_file_noop
configure:5125: checking for /Library/Developer/CommandLineTools/usr/bin/ld option to reload object files
configure:5134: result: -r
configure:5167: checking for file
configure:5188: found /usr/bin/file
configure:5201: result: file
configure:5264: checking for objdump
configure:5285: found /usr/bin/objdump
configure:5297: result: objdump
configure:5329: checking how to recognize dependent libraries
configure:5538: result: pass_all
configure:5629: checking for dlltool
configure:5665: result: no
configure:5695: checking how to associate runtime and link libraries
configure:5724: result: printf %s\n
configure:5785: checking for ranlib
configure:5806: found /usr/bin/ranlib
configure:5818: result: ranlib
configure:5895: checking for ar
configure:5916: found /usr/bin/ar
configure:5928: result: ar
configure:5981: checking for archiver @FILE support
configure:5999: gcc -c -g -O2  conftest.c >&5
configure:5999: $? = 0
configure:6003: ar cr libconftest.a @conftest.lst >&5
ar: @conftest.lst: No such file or directory
configure:6006: $? = 1
configure:6027: result: no
configure:6091: checking for strip
configure:6112: found /usr/bin/strip
configure:6124: result: strip
configure:6202: checking for gawk
configure:6238: result: no
configure:6202: checking for mawk
configure:6238: result: no
configure:6202: checking for nawk
configure:6238: result: no
configure:6202: checking for awk
configure:6223: found /usr/bin/awk
configure:6235: result: awk
configure:6275: checking command to parse /usr/bin/nm -B output from gcc object
configure:6429: gcc -c -g -O2  conftest.c >&5
configure:6432: $? = 0
configure:6436: /usr/bin/nm -B conftest.o | /opt/homebrew/bin/gsed -n -e 's/^.*[	 ]\([ABCDGIRSTW][ABCDGIRSTW]*\)[	 ][	 ]*\([_A-Za-z][_A-Za-z0-9]*\)$/\1 \2 \2/p' | /opt/homebrew/bin/gsed '/ __gnu_lto/d' > conftest.nm
cannot find nm_test_var in conftest.nm
configure:6429: gcc -c -g -O2  conftest.c >&5
configure:6432: $? = 0
configure:6436: /usr/bin/nm -B conftest.o | /opt/homebrew/bin/gsed -n -e 's/^.*[	 ]\([ABCDGIRSTW][ABCDGIRSTW]*\)[	 ][	 ]*_\([_A-Za-z][_A-Za-z0-9]*\)$/\1 _\2 \2/p' | /opt/homebrew/bin/gsed '/ __gnu_lto/d' > conftest.nm
configure:6502: gcc -o conftest -g -O2   conftest.c conftstm.o >&5
configure:6505: $? = 0
configure:6544: result: ok
configure:6591: checking for sysroot
configure:6625: result: no
configure:6632: checking for a working dd
configure:6677: result: /bin/dd
configure:6681: checking how to truncate binary pipes
configure:6698: result: /bin/dd bs=4096 count=1
configure:7038: checking for mt
configure:7074: result: no
configure:7094: checking if : is a manifest tool
configure:7101: : '-?'
configure:7110: result: no
configure:7172: checking for dsymutil
configure:7193: found /usr/bin/dsymutil
configure:7205: result: dsymutil
configure:7276: checking for nmedit
configure:7297: found /usr/bin/nmedit
configure:7309: result: nmedit
configure:7380: checking for lipo
configure:7401: found /usr/bin/lipo
configure:7413: result: lipo
configure:7484: checking for otool
configure:7505: found /usr/bin/otool
configure:7517: result: otool
configure:7588: checking for otool64
configure:7624: result: no
configure:7669: checking for -single_module linker flag
gcc -g -O2  -o libconftest.dylib -dynamiclib -Wl,-single_module conftest.c
ld: warning: -single_module is obsolete
configure:7704: result: no
configure:7709: checking for -no_fixup_chains linker flag
configure:7728: gcc -o conftest -g -O2   -Wl,-no_fixup_chains conftest.c  >&5
configure:7728: $? = 0
configure:7743: result: yes
configure:7746: checking for -exported_symbols_list linker flag
configure:7767: gcc -o conftest -g -O2   -Wl,-exported_symbols_list,conftest.sym conftest.c  >&5
configure:7767: $? = 0
configure:7780: result: yes
configure:7783: checking for -force_load linker flag
gcc -g -O2 -c -o conftest.o conftest.c
ar cr libconftest.a conftest.o
ranlib libconftest.a
gcc -g -O2  -o conftest conftest.c -Wl,-force_load,./libconftest.a
configure:7817: result: yes
configure:7907: checking for stdio.h
configure:7907: gcc -c -g -O2  conftest.c >&5
configure:7907: $? = 0
configure:7907: result: yes
configure:7907: checking for stdlib.h
configure:7907: gcc -c -g -O2  conftest.c >&5
configure:7907: $? = 0
configure:7907: result: yes
configure:7907: checking for string.h
configure:7907: gcc -c -g -O2  conftest.c >&5
configure:7907: $? = 0
configure:7907: result: yes
configure:7907: checking for inttypes.h
configure:7907: gcc -c -g -O2  conftest.c >&5
configure:7907: $? = 0
configure:7907: result: yes
configure:7907: checking for stdint.h
configure:7907: gcc -c -g -O2  conftest.c >&5
configure:7907: $? = 0
configure:7907: result: yes
configure:7907: checking for strings.h
configure:7907: gcc -c -g -O2  conftest.c >&5
configure:7907: $? = 0
configure:7907: result: yes
configure:7907: checking for sys/stat.h
configure:7907: gcc -c -g -O2  conftest.c >&5
configure:7907: $? = 0
configure:7907: result: yes
configure:7907: checking for sys/types.h
configure:7907: gcc -c -g -O2  conftest.c >&5
configure:7907: $? = 0
configure:7907: result: yes
configure:7907: checking for unistd.h
configure:7907: gcc -c -g -O2  conftest.c >&5
configure:7907: $? = 0
configure:7907: result: yes
configure:7932: checking for dlfcn.h
configure:7932: gcc -c -g -O2  conftest.c >&5
configure:7932: $? = 0
configure:7932: result: yes
configure:8235: checking for objdir
configure:8252: result: .libs
configure:8518: checking if gcc supports -fno-rtti -fno-exceptions
configure:8537: gcc -c -g -O2  -fno-rtti -fno-exceptions conftest.c >&5
configure:8541: $? = 0
configure:8555: result: yes
configure:8928: checking for gcc option to produce PIC
configure:8937: result: -fno-common -DPIC
configure:8945: checking if gcc PIC flag -fno-common -DPIC works
configure:8964: gcc -c -g -O2  -fno-common -DPIC -DPIC conftest.c >&5
configure:8968: $? = 0
configure:8982: result: yes
configure:9011: checking if gcc static flag -static works
configure:9041: result: no
configure:9056: checking if gcc supports -c -o file.o
configure:9078: gcc -c -g -O2  -o out/conftest2.o conftest.c >&5
configure:9082: $? = 0
configure:9105: result: yes
configure:9113: checking if gcc supports -c -o file.o
configure:9162: result: yes
configure:9195: checking whether the gcc linker (/Library/Developer/CommandLineTools/usr/bin/ld) supports shared libraries
configure:10479: result: yes
configure:10721: checking dynamic linker characteristics
configure:12105: result: darwin24.3.0 dyld
configure:12227: checking how to hardcode library paths into programs
configure:12252: result: immediate
configure:12852: checking whether stripping libraries is possible
configure:12869: result: yes
configure:12903: checking if libtool supports shared libraries
configure:12905: result: yes
configure:12908: checking whether to build shared libraries
configure:12933: result: yes
configure:12936: checking whether to build static libraries
configure:12940: result: yes
configure:12994: checking for a BSD-compatible install
configure:13068: result: /usr/bin/install -c
configure:13079: checking whether sleep supports fractional seconds
configure:13095: result: yes
configure:13098: checking filesystem timestamp resolution
configure:13233: result: 2
configure:13238: checking whether build environment is sane
configure:13283: result: yes
configure:13450: checking for a race-free mkdir -p
configure:13493: result: mkdir -p
configure:13496: checking whether make sets $(MAKE)
configure:13520: result: yes
configure:13542: checking whether make supports the include directive
configure:13557: make -f confmf.GNU && cat confinc.out
this is the am__doit target
configure:13560: $? = 0
configure:13579: result: yes (GNU style)
configure:13610: checking whether make supports nested variables
configure:13629: result: yes
configure:13643: checking xargs -n works
configure:13659: result: yes
configure:13744: checking whether UID '501' is supported by ustar format
configure:13750: result: yes
configure:13757: checking whether GID '20' is supported by ustar format
configure:13763: result: yes
configure:13771: checking how to create a ustar tar archive
configure:13782: tar --version
bsdtar 3.5.3 - libarchive 3.5.3 zlib/1.2.12 liblzma/5.4.3 bz2lib/1.0.8 
configure:13785: $? = 0
configure:13825: tardir=conftest.dir && eval tar --format=ustar -chf - "$tardir" >conftest.tar
configure:13828: $? = 0
configure:13832: tar -xf - <conftest.tar
configure:13835: $? = 0
configure:13837: cat conftest.dir/file
GrepMe
configure:13840: $? = 0
configure:13855: result: gnutar
configure:13864: checking dependency style of gcc
configure:13977: result: gcc3
configure:14086: checking for g++
configure:14107: found /usr/bin/g++
configure:14119: result: g++
configure:14146: checking for C++ compiler version
configure:14155: g++ --version >&5
Apple clang version 16.0.0 (clang-1600.0.26.6)
Target: arm64-apple-darwin24.3.0
Thread model: posix
InstalledDir: /Library/Developer/CommandLineTools/usr/bin
configure:14166: $? = 0
configure:14155: g++ -v >&5
Apple clang version 16.0.0 (clang-1600.0.26.6)
Target: arm64-apple-darwin24.3.0
Thread model: posix
InstalledDir: /Library/Developer/CommandLineTools/usr/bin
configure:14166: $? = 0
configure:14155: g++ -V >&5
clang++: error: argument to '-V' is missing (expected 1 value)
clang++: error: no input files
configure:14166: $? = 1
configure:14155: g++ -qversion >&5
clang++: error: unknown argument '-qversion'; did you mean '--version'?
clang++: error: no input files
configure:14166: $? = 1
configure:14170: checking whether the compiler supports GNU C++
configure:14190: g++ -c   conftest.cpp >&5
configure:14190: $? = 0
configure:14202: result: yes
configure:14213: checking whether g++ accepts -g
configure:14234: g++ -c -g  conftest.cpp >&5
configure:14234: $? = 0
configure:14281: result: yes
configure:14301: checking for g++ option to enable C++11 features
configure:14316: g++  -c -g -O2  conftest.cpp >&5
conftest.cpp:69:3: error: "Compiler does not advertise C++11 conformance"
   69 | # error "Compiler does not advertise C++11 conformance"
      |   ^
conftest.cpp:74:3: error: unknown type name 'constexpr'
   74 |   constexpr int get_val() { return 20; }
      |   ^
conftest.cpp:86:17: error: delegating constructors are permitted only in C++11
   86 |     delegate(): delegate(2354) {}
      |                 ^~~~~~~~
conftest.cpp:97:26: warning: 'override' keyword is a C++11 extension [-Wc++11-extensions]
   97 |     virtual int getval() override final { return this->n * 2; }
      |                          ^
conftest.cpp:97:35: warning: 'final' keyword is a C++11 extension [-Wc++11-extensions]
   97 |     virtual int getval() override final { return this->n * 2; }
      |                                   ^
conftest.cpp:104:16: warning: defaulted function definitions are a C++11 extension [-Wc++11-extensions]
  104 |     nocopy() = default;
      |                ^
conftest.cpp:105:29: warning: deleted function definitions are a C++11 extension [-Wc++11-extensions]
  105 |     nocopy(const nocopy&) = delete;
      |                             ^
conftest.cpp:106:41: warning: deleted function definitions are a C++11 extension [-Wc++11-extensions]
  106 |     nocopy & operator=(const nocopy&) = delete;
      |                                         ^
conftest.cpp:118:25: warning: 'auto' type specifier is a C++11 extension [-Wc++11-extensions]
  118 |   template <typename V> auto sum(V first) -> V
      |                         ^
conftest.cpp:118:25: error: 'auto' not allowed in function return type
  118 |   template <typename V> auto sum(V first) -> V
      |                         ^~~~
conftest.cpp:118:42: error: expected ';' at end of declaration
  118 |   template <typename V> auto sum(V first) -> V
      |                                          ^
      |                                          ;
conftest.cpp:118:43: error: cannot use arrow operator on a type
  118 |   template <typename V> auto sum(V first) -> V
      |                                           ^
conftest.cpp:122:33: warning: variadic templates are a C++11 extension [-Wc++11-extensions]
  122 |   template <typename V, typename... Args> auto sum(V first, Args... rest) -> V
      |                                 ^
conftest.cpp:122:43: warning: 'auto' type specifier is a C++11 extension [-Wc++11-extensions]
  122 |   template <typename V, typename... Args> auto sum(V first, Args... rest) -> V
      |                                           ^
conftest.cpp:122:43: error: 'auto' not allowed in function return type
  122 |   template <typename V, typename... Args> auto sum(V first, Args... rest) -> V
      |                                           ^~~~
conftest.cpp:122:74: error: expected ';' at end of declaration
  122 |   template <typename V, typename... Args> auto sum(V first, Args... rest) -> V
      |                                                                          ^
      |                                                                          ;
conftest.cpp:122:75: error: cannot use arrow operator on a type
  122 |   template <typename V, typename... Args> auto sum(V first, Args... rest) -> V
      |                                                                           ^
conftest.cpp:146:3: warning: 'auto' type specifier is a C++11 extension [-Wc++11-extensions]
  146 |   auto a1 = 6538;
      |   ^
conftest.cpp:147:3: warning: 'auto' type specifier is a C++11 extension [-Wc++11-extensions]
  147 |   auto a2 = 48573953.4;
      |   ^
conftest.cpp:148:3: warning: 'auto' type specifier is a C++11 extension [-Wc++11-extensions]
  148 |   auto a3 = "String literal";
      |   ^
conftest.cpp:151:8: warning: 'auto' type specifier is a C++11 extension [-Wc++11-extensions]
  151 |   for (auto i = a3; *i; ++i) { total += *i; }
      |        ^
conftest.cpp:167:8: warning: 'auto' type specifier is a C++11 extension [-Wc++11-extensions]
  167 |   for (auto &x : array) { x += 23; }
      |        ^
conftest.cpp:167:16: warning: range-based for loop is a C++11 extension [-Wc++11-extensions]
  167 |   for (auto &x : array) { x += 23; }
      |                ^
conftest.cpp:172:17: error: expected expression
  172 |   assert (eval ([](int x) { return x*2; }, 21) == 42);
      |                 ^
conftest.cpp:174:17: error: expected expression
  174 |   assert (eval ([&](double x) { return d += x; }, 3.0) == 5.0);
      |                 ^
conftest.cpp:176:17: error: expected expression
  176 |   assert (eval ([=](double x) mutable { return d += x; }, 4.0) == 9.0);
      |                 ^
conftest.cpp:182:3: warning: 'auto' type specifier is a C++11 extension [-Wc++11-extensions]
  182 |   auto a = sum(1);
      |   ^
conftest.cpp:182:12: error: no matching function for call to 'sum'
  182 |   auto a = sum(1);
      |            ^~~
conftest.cpp:183:3: warning: 'auto' type specifier is a C++11 extension [-Wc++11-extensions]
  183 |   auto b = sum(1, 2);
      |   ^
conftest.cpp:183:12: error: no matching function for call to 'sum'
  183 |   auto b = sum(1, 2);
      |            ^~~
conftest.cpp:184:3: warning: 'auto' type specifier is a C++11 extension [-Wc++11-extensions]
  184 |   auto c = sum(1.0, 2.0, 3.0);
      |   ^
conftest.cpp:184:12: error: no matching function for call to 'sum'
  184 |   auto c = sum(1.0, 2.0, 3.0);
      |            ^~~
conftest.cpp:189:25: warning: empty parentheses interpreted as a function declaration [-Wvexing-parse]
  189 |   cxx11test::delegate d2();
      |                         ^~
conftest.cpp:189:25: note: remove parentheses to declare a variable
  189 |   cxx11test::delegate d2();
      |                         ^~
conftest.cpp:202:16: error: found '<::' after a template name which forms the digraph '<:' (aka '[') and a ':', did you mean '< ::'?
  202 |   test_template<::test_template<int>> v(test_template<int>(12));
      |                ^~~
      |                < ::
conftest.cpp:202:36: error: a space is required between consecutive right angle brackets (use '> >')
  202 |   test_template<::test_template<int>> v(test_template<int>(12));
      |                                    ^~
      |                                    > >
conftest.cpp:206:22: error: use of undeclared identifier 'u8'
  206 |   char const *utf8 = u8"UTF-8 string \u2500";
      |                      ^
conftest.cpp:206:24: error: expected ';' at end of declaration
  206 |   char const *utf8 = u8"UTF-8 string \u2500";
      |                        ^
      |                        ;
fatal error: too many errors emitted, stopping now [-ferror-limit=]
18 warnings and 20 errors generated.
configure:14316: $? = 1
configure: failed program was:
| /* confdefs.h */
| #define PACKAGE_NAME "ant-war"
| #define PACKAGE_TARNAME "ant-war"
| #define PACKAGE_VERSION "0.1.0"
| #define PACKAGE_STRING "ant-war 0.1.0"
| #define PACKAGE_BUGREPORT ""
| #define PACKAGE_URL ""
| #define HAVE_STDIO_H 1
| #define HAVE_STDLIB_H 1
| #define HAVE_STRING_H 1
| #define HAVE_INTTYPES_H 1
| #define HAVE_STDINT_H 1
| #define HAVE_STRINGS_H 1
| #define HAVE_SYS_STAT_H 1
| #define HAVE_SYS_TYPES_H 1
| #define HAVE_UNISTD_H 1
| #define STDC_HEADERS 1
| #define HAVE_DLFCN_H 1
| #define LT_OBJDIR ".libs/"
| #define PACKAGE "ant-war"
| #define VERSION "0.1.0"
| /* end confdefs.h.  */
| 
| // Does the compiler advertise C++98 conformance?
| #if !defined __cplusplus || __cplusplus < 199711L
| # error "Compiler does not advertise C++98 conformance"
| #endif
| 
| // These inclusions are to reject old compilers that
| // lack the unsuffixed header files.
| #include <cstdlib>
| #include <exception>
| 
| // <cassert> and <cstring> are *not* freestanding headers in C++98.
| extern void assert (int);
| namespace std {
|   extern int strcmp (const char *, const char *);
| }
| 
| // Namespaces, exceptions, and templates were all added after "C++ 2.0".
| using std::exception;
| using std::strcmp;
| 
| namespace {
| 
| void test_exception_syntax()
| {
|   try {
|     throw "test";
|   } catch (const char *s) {
|     // Extra parentheses suppress a warning when building autoconf itself,
|     // due to lint rules shared with more typical C programs.
|     assert (!(strcmp) (s, "test"));
|   }
| }
| 
| template <typename T> struct test_template
| {
|   T const val;
|   explicit test_template(T t) : val(t) {}
|   template <typename U> T add(U u) { return static_cast<T>(u) + val; }
| };
| 
| } // anonymous namespace
| 
| 
| // Does the compiler advertise C++ 2011 conformance?
| #if !defined __cplusplus || __cplusplus < 201103L
| # error "Compiler does not advertise C++11 conformance"
| #endif
| 
| namespace cxx11test
| {
|   constexpr int get_val() { return 20; }
| 
|   struct testinit
|   {
|     int i;
|     double d;
|   };
| 
|   class delegate
|   {
|   public:
|     delegate(int n) : n(n) {}
|     delegate(): delegate(2354) {}
| 
|     virtual int getval() { return this->n; };
|   protected:
|     int n;
|   };
| 
|   class overridden : public delegate
|   {
|   public:
|     overridden(int n): delegate(n) {}
|     virtual int getval() override final { return this->n * 2; }
|   };
| 
|   class nocopy
|   {
|   public:
|     nocopy(int i): i(i) {}
|     nocopy() = default;
|     nocopy(const nocopy&) = delete;
|     nocopy & operator=(const nocopy&) = delete;
|   private:
|     int i;
|   };
| 
|   // for testing lambda expressions
|   template <typename Ret, typename Fn> Ret eval(Fn f, Ret v)
|   {
|     return f(v);
|   }
| 
|   // for testing variadic templates and trailing return types
|   template <typename V> auto sum(V first) -> V
|   {
|     return first;
|   }
|   template <typename V, typename... Args> auto sum(V first, Args... rest) -> V
|   {
|     return first + sum(rest...);
|   }
| }
| 
| 
| int
| main (int argc, char **argv)
| {
|   int ok = 0;
|   
|   assert (argc);
|   assert (! argv[0]);
| {
|   test_exception_syntax ();
|   test_template<double> tt (2.0);
|   assert (tt.add (4) == 6.0);
|   assert (true && !false);
| }
| 
|   
| {
|   // Test auto and decltype
|   auto a1 = 6538;
|   auto a2 = 48573953.4;
|   auto a3 = "String literal";
| 
|   int total = 0;
|   for (auto i = a3; *i; ++i) { total += *i; }
| 
|   decltype(a2) a4 = 34895.034;
| }
| {
|   // Test constexpr
|   short sa[cxx11test::get_val()] = { 0 };
| }
| {
|   // Test initializer lists
|   cxx11test::testinit il = { 4323, 435234.23544 };
| }
| {
|   // Test range-based for
|   int array[] = {9, 7, 13, 15, 4, 18, 12, 10, 5, 3,
|                  14, 19, 17, 8, 6, 20, 16, 2, 11, 1};
|   for (auto &x : array) { x += 23; }
| }
| {
|   // Test lambda expressions
|   using cxx11test::eval;
|   assert (eval ([](int x) { return x*2; }, 21) == 42);
|   double d = 2.0;
|   assert (eval ([&](double x) { return d += x; }, 3.0) == 5.0);
|   assert (d == 5.0);
|   assert (eval ([=](double x) mutable { return d += x; }, 4.0) == 9.0);
|   assert (d == 5.0);
| }
| {
|   // Test use of variadic templates
|   using cxx11test::sum;
|   auto a = sum(1);
|   auto b = sum(1, 2);
|   auto c = sum(1.0, 2.0, 3.0);
| }
| {
|   // Test constructor delegation
|   cxx11test::delegate d1;
|   cxx11test::delegate d2();
|   cxx11test::delegate d3(45);
| }
| {
|   // Test override and final
|   cxx11test::overridden o1(55464);
| }
| {
|   // Test nullptr
|   char *c = nullptr;
| }
| {
|   // Test template brackets
|   test_template<::test_template<int>> v(test_template<int>(12));
| }
| {
|   // Unicode literals
|   char const *utf8 = u8"UTF-8 string \u2500";
|   char16_t const *utf16 = u"UTF-8 string \u2500";
|   char32_t const *utf32 = U"UTF-32 string \u2500";
| }
| 
|   return ok;
| }
| 
configure:14316: g++ -std=gnu++11 -c -g -O2  conftest.cpp >&5
conftest.cpp:189:25: warning: empty parentheses interpreted as a function declaration [-Wvexing-parse]
  189 |   cxx11test::delegate d2();
      |                         ^~
conftest.cpp:189:25: note: remove parentheses to declare a variable
  189 |   cxx11test::delegate d2();
      |                         ^~
1 warning generated.
configure:14316: $? = 0
configure:14338: result: -std=gnu++11
configure:14422: checking how to run the C++ preprocessor
configure:14444: g++ -std=gnu++11 -E  conftest.cpp
configure:14444: $? = 0
configure:14460: g++ -std=gnu++11 -E  conftest.cpp
conftest.cpp:23:10: fatal error: 'ac_nonexistent.h' file not found
   23 | #include <ac_nonexistent.h>
      |          ^~~~~~~~~~~~~~~~~~
1 error generated.
configure:14460: $? = 1
configure: failed program was:
| /* confdefs.h */
| #define PACKAGE_NAME "ant-war"
| #define PACKAGE_TARNAME "ant-war"
| #define PACKAGE_VERSION "0.1.0"
| #define PACKAGE_STRING "ant-war 0.1.0"
| #define PACKAGE_BUGREPORT ""
| #define PACKAGE_URL ""
| #define HAVE_STDIO_H 1
| #define HAVE_STDLIB_H 1
| #define HAVE_STRING_H 1
| #define HAVE_INTTYPES_H 1
| #define HAVE_STDINT_H 1
| #define HAVE_STRINGS_H 1
| #define HAVE_SYS_STAT_H 1
| #define HAVE_SYS_TYPES_H 1
| #define HAVE_UNISTD_H 1
| #define STDC_HEADERS 1
| #define HAVE_DLFCN_H 1
| #define LT_OBJDIR ".libs/"
| #define PACKAGE "ant-war"
| #define VERSION "0.1.0"
| /* end confdefs.h.  */
| #include <ac_nonexistent.h>
configure:14489: result: g++ -std=gnu++11 -E
configure:14503: g++ -std=gnu++11 -E  conftest.cpp
configure:14503: $? = 0
configure:14519: g++ -std=gnu++11 -E  conftest.cpp
conftest.cpp:23:10: fatal error: 'ac_nonexistent.h' file not found
   23 | #include <ac_nonexistent.h>
      |          ^~~~~~~~~~~~~~~~~~
1 error generated.
configure:14519: $? = 1
configure: failed program was:
| /* confdefs.h */
| #define PACKAGE_NAME "ant-war"
| #define PACKAGE_TARNAME "ant-war"
| #define PACKAGE_VERSION "0.1.0"
| #define PACKAGE_STRING "ant-war 0.1.0"
| #define PACKAGE_BUGREPORT ""
| #define PACKAGE_URL ""
| #define HAVE_STDIO_H 1
| #define HAVE_STDLIB_H 1
| #define HAVE_STRING_H 1
| #define HAVE_INTTYPES_H 1
| #define HAVE_STDINT_H 1
| #define HAVE_STRINGS_H 1
| #define HAVE_SYS_STAT_H 1
| #define HAVE_SYS_TYPES_H 1
| #define HAVE_UNISTD_H 1
| #define STDC_HEADERS 1
| #define HAVE_DLFCN_H 1
| #define LT_OBJDIR ".libs/"
| #define PACKAGE "ant-war"
| #define VERSION "0.1.0"
| /* end confdefs.h.  */
| #include <ac_nonexistent.h>
configure:14687: checking for ld used by g++ -std=gnu++11
configure:14756: result: /Library/Developer/CommandLineTools/usr/bin/ld
configure:14763: checking if the linker (/Library/Developer/CommandLineTools/usr/bin/ld) is GNU ld
configure:14780: result: no
configure:14834: checking whether the g++ -std=gnu++11 linker (/Library/Developer/CommandLineTools/usr/bin/ld) supports shared libraries
configure:15922: result: yes
configure:15958: g++ -std=gnu++11 -c -g -O2  conftest.cpp >&5
configure:15961: $? = 0
configure:16447: checking for g++ -std=gnu++11 option to produce PIC
configure:16456: result: -fno-common -DPIC
configure:16464: checking if g++ -std=gnu++11 PIC flag -fno-common -DPIC works
configure:16483: g++ -std=gnu++11 -c -g -O2  -fno-common -DPIC -DPIC conftest.cpp >&5
configure:16487: $? = 0
configure:16501: result: yes
configure:16524: checking if g++ -std=gnu++11 static flag -static works
configure:16554: result: no
configure:16566: checking if g++ -std=gnu++11 supports -c -o file.o
configure:16588: g++ -std=gnu++11 -c -g -O2  -o out/conftest2.o conftest.cpp >&5
configure:16592: $? = 0
configure:16615: result: yes
configure:16620: checking if g++ -std=gnu++11 supports -c -o file.o
configure:16669: result: yes
configure:16699: checking whether the g++ -std=gnu++11 linker (/Library/Developer/CommandLineTools/usr/bin/ld) supports shared libraries
configure:16739: result: yes
configure:16882: checking dynamic linker characteristics
configure:18176: result: darwin24.3.0 dyld
configure:18241: checking how to hardcode library paths into programs
configure:18266: result: immediate
configure:18308: checking dependency style of g++ -std=gnu++11
configure:18421: result: gcc3
configure:18445: checking dependency style of gcc
configure:18556: result: gcc3
configure:18587: checking whether g++ -std=gnu++11 supports C++11 features with -std=gnu++11
configure:18900: g++ -std=gnu++11 -std=gnu++11 -c -g -O2  conftest.cpp >&5
configure:18900: $? = 0
configure:18912: result: yes
configure:19011: checking for pkg-config
configure:19034: found /opt/homebrew/bin/pkg-config
configure:19047: result: /opt/homebrew/bin/pkg-config
configure:19072: checking pkg-config is at least version 0.9.0
configure:19075: result: yes
configure:19088: checking for
	sdl2
	SDL2_gfx

configure:19101: $PKG_CONFIG --exists --print-errors "
	sdl2
	SDL2_gfx
"
configure:19110: $? = 0
configure:19127: $PKG_CONFIG --exists --print-errors "
	sdl2
	SDL2_gfx
"
configure:19136: $? = 0
configure:19206: result: yes
configure:19359: checking that generated files are newer than configure
configure:19365: result: done
configure:19408: creating ./config.status

## ---------------------- ##
## Running config.status. ##
## ---------------------- ##

This file was extended by ant-war config.status 0.1.0, which was
generated by GNU Autoconf 2.72.  Invocation command line was

  CONFIG_FILES    = 
  CONFIG_HEADERS  = 
  CONFIG_LINKS    = 
  CONFIG_COMMANDS = 
  $ ./config.status 

on sparkles.local

config.status:1082: creating Makefile
config.status:1082: creating src/Makefile
config.status:1254: executing libtool commands
config.status:1254: executing depfiles commands
config.status:2047: cd src       && sed -e '/# am--include-marker/d' Makefile         | make -f - am--depfiles
make: Nothing to be done for `am--depfiles'.
config.status:2052: $? = 0

## ---------------- ##
## Cache variables. ##
## ---------------- ##

CONDA_BACKUP_ac_cv_func_malloc_0_nonnull=yes
CONDA_BACKUP_ac_cv_func_realloc_0_nonnull=yes
ac_cv_build=aarch64-apple-darwin24.3.0
ac_cv_c_compiler_gnu=yes
ac_cv_cxx_compiler_gnu=yes
ac_cv_env_CCASFLAGS_set=
ac_cv_env_CCASFLAGS_value=
ac_cv_env_CCAS_set=
ac_cv_env_CCAS_value=
ac_cv_env_CCC_set=
ac_cv_env_CCC_value=
ac_cv_env_CC_set=
ac_cv_env_CC_value=
ac_cv_env_CFLAGS_set=
ac_cv_env_CFLAGS_value=
ac_cv_env_CPPFLAGS_set=
ac_cv_env_CPPFLAGS_value=
ac_cv_env_CXXCPP_set=
ac_cv_env_CXXCPP_value=
ac_cv_env_CXXFLAGS_set=
ac_cv_env_CXXFLAGS_value=
ac_cv_env_CXX_set=
ac_cv_env_CXX_value=
ac_cv_env_LDEPS_CFLAGS_set=
ac_cv_env_LDEPS_CFLAGS_value=
ac_cv_env_LDEPS_LIBS_set=
ac_cv_env_LDEPS_LIBS_value=
ac_cv_env_LDFLAGS_set=
ac_cv_env_LDFLAGS_value=
ac_cv_env_LIBS_set=
ac_cv_env_LIBS_value=
ac_cv_env_LT_SYS_LIBRARY_PATH_set=
ac_cv_env_LT_SYS_LIBRARY_PATH_value=
ac_cv_env_PKG_CONFIG_LIBDIR_set=
ac_cv_env_PKG_CONFIG_LIBDIR_value=
ac_cv_env_PKG_CONFIG_PATH_set=set
ac_cv_env_PKG_CONFIG_PATH_value=/opt/homebrew/lib/pkgconfig/
ac_cv_env_PKG_CONFIG_set=
ac_cv_env_PKG_CONFIG_value=
ac_cv_env_build_alias_set=
ac_cv_env_build_alias_value=
ac_cv_env_host_alias_set=
ac_cv_env_host_alias_value=
ac_cv_env_target_alias_set=
ac_cv_env_target_alias_value=
ac_cv_header_dlfcn_h=yes
ac_cv_header_inttypes_h=yes
ac_cv_header_stdint_h=yes
ac_cv_header_stdio_h=yes
ac_cv_header_stdlib_h=yes
ac_cv_header_string_h=yes
ac_cv_header_strings_h=yes
ac_cv_header_sys_stat_h=yes
ac_cv_header_sys_types_h=yes
ac_cv_header_unistd_h=yes
ac_cv_host=aarch64-apple-darwin24.3.0
ac_cv_objext=o
ac_cv_path_EGREP='/usr/bin/grep -E'
ac_cv_path_EGREP_TRADITIONAL='/usr/bin/grep -E'
ac_cv_path_FGREP='/usr/bin/grep -F'
ac_cv_path_GREP=/usr/bin/grep
ac_cv_path_SED=/opt/homebrew/bin/gsed
ac_cv_path_ac_pt_PKG_CONFIG=/opt/homebrew/bin/pkg-config
ac_cv_path_install='/usr/bin/install -c'
ac_cv_path_lt_DD=/bin/dd
ac_cv_prog_AWK=awk
ac_cv_prog_CXXCPP='g++ -std=gnu++11 -E'
ac_cv_prog_FILECMD=file
ac_cv_prog_ac_ct_AR=ar
ac_cv_prog_ac_ct_CC=gcc
ac_cv_prog_ac_ct_CXX=g++
ac_cv_prog_ac_ct_DSYMUTIL=dsymutil
ac_cv_prog_ac_ct_LIPO=lipo
ac_cv_prog_ac_ct_NMEDIT=nmedit
ac_cv_prog_ac_ct_OBJDUMP=objdump
ac_cv_prog_ac_ct_OTOOL=otool
ac_cv_prog_ac_ct_RANLIB=ranlib
ac_cv_prog_ac_ct_STRIP=strip
ac_cv_prog_cc_c11=
ac_cv_prog_cc_g=yes
ac_cv_prog_cc_stdc=
ac_cv_prog_cxx_cxx11=-std=gnu++11
ac_cv_prog_cxx_g=yes
ac_cv_prog_cxx_stdcxx=-std=gnu++11
ac_cv_prog_make_make_set=yes
am_cv_CCAS_dependencies_compiler_type=gcc3
am_cv_CC_dependencies_compiler_type=gcc3
am_cv_CXX_dependencies_compiler_type=gcc3
am_cv_filesystem_timestamp_resolution=2
am_cv_make_support_nested_variables=yes
am_cv_prog_cc_c_o=yes
am_cv_prog_tar_ustar=gnutar
am_cv_sleep_fractional_seconds=yes
am_cv_xargs_n_works=yes
ax_cv_cxx_compile_cxx11__std_gnupp11=yes
lt_cv_apple_cc_single_mod=no
lt_cv_ar_at_file=no
lt_cv_deplibs_check_method=pass_all
lt_cv_file_magic_cmd='$MAGIC_CMD'
lt_cv_file_magic_test_file=
lt_cv_ld_exported_symbols_list=yes
lt_cv_ld_force_load=yes
lt_cv_ld_reload_flag=-r
lt_cv_nm_interface='BSD nm'
lt_cv_objdir=.libs
lt_cv_path_LD=/Library/Developer/CommandLineTools/usr/bin/ld
lt_cv_path_LDCXX=/Library/Developer/CommandLineTools/usr/bin/ld
lt_cv_path_NM='/usr/bin/nm -B'
lt_cv_path_manifest_tool=no
lt_cv_prog_compiler_c_o=yes
lt_cv_prog_compiler_c_o_CXX=yes
lt_cv_prog_compiler_pic='-fno-common -DPIC'
lt_cv_prog_compiler_pic_CXX='-fno-common -DPIC'
lt_cv_prog_compiler_pic_works=yes
lt_cv_prog_compiler_pic_works_CXX=yes
lt_cv_prog_compiler_rtti_exceptions=yes
lt_cv_prog_compiler_static_works=no
lt_cv_prog_compiler_static_works_CXX=no
lt_cv_prog_gnu_ld=no
lt_cv_prog_gnu_ldcxx=no
lt_cv_sharedlib_from_linklib_cmd='printf %s\n'
lt_cv_support_no_fixup_chains=yes
lt_cv_sys_global_symbol_pipe='/opt/homebrew/bin/gsed -n -e '\''s/^.*[	 ]\([ABCDGIRSTW][ABCDGIRSTW]*\)[	 ][	 ]*_\([_A-Za-z][_A-Za-z0-9]*\)$/\1 _\2 \2/p'\'' | /opt/homebrew/bin/gsed '\''/ __gnu_lto/d'\'''
lt_cv_sys_global_symbol_to_c_name_address='/opt/homebrew/bin/gsed -n -e '\''s/^: \(.*\) .*$/  {"\1", (void *) 0},/p'\'' -e '\''s/^[ABCDGIRSTW][ABCDGIRSTW]* .* \(.*\)$/  {"\1", (void *) \&\1},/p'\'''
lt_cv_sys_global_symbol_to_c_name_address_lib_prefix='/opt/homebrew/bin/gsed -n -e '\''s/^: \(.*\) .*$/  {"\1", (void *) 0},/p'\'' -e '\''s/^[ABCDGIRSTW][ABCDGIRSTW]* .* \(lib.*\)$/  {"\1", (void *) \&\1},/p'\'' -e '\''s/^[ABCDGIRSTW][ABCDGIRSTW]* .* \(.*\)$/  {"lib\1", (void *) \&\1},/p'\'''
lt_cv_sys_global_symbol_to_cdecl='/opt/homebrew/bin/gsed -n -e '\''s/^T .* \(.*\)$/extern int \1();/p'\'' -e '\''s/^[ABCDGIRSTW][ABCDGIRSTW]* .* \(.*\)$/extern char \1;/p'\'''
lt_cv_sys_global_symbol_to_import=
lt_cv_sys_max_cmd_len=786432
lt_cv_to_host_file_cmd=func_convert_file_noop
lt_cv_to_tool_file_cmd=func_convert_file_noop
lt_cv_truncate_bin='/bin/dd bs=4096 count=1'
pkg_cv_LDEPS_CFLAGS='-I/opt/homebrew/Cellar/sdl2_gfx/1.0.4/include/SDL2 -I/opt/homebrew/include -I/opt/homebrew/include/SDL2 -D_THREAD_SAFE'
pkg_cv_LDEPS_LIBS='-L/opt/homebrew/Cellar/sdl2_gfx/1.0.4/lib -lSDL2_gfx -L/opt/homebrew/lib -lSDL2'

## ----------------- ##
## Output variables. ##
## ----------------- ##

ACLOCAL='${SHELL} '\''/Users/allysa/ant-war-root/missing'\'' aclocal-1.18'
AMDEPBACKSLASH='\'
AMDEP_FALSE='#'
AMDEP_TRUE=''
AMTAR='$${TAR-tar}'
AM_BACKSLASH='\'
AM_DEFAULT_V='$(AM_DEFAULT_VERBOSITY)'
AM_DEFAULT_VERBOSITY='1'
AM_V='$(V)'
AR='ar'
AUTOCONF='${SHELL} '\''/Users/allysa/ant-war-root/missing'\'' autoconf'
AUTOHEADER='${SHELL} '\''/Users/allysa/ant-war-root/missing'\'' autoheader'
AUTOMAKE='${SHELL} '\''/Users/allysa/ant-war-root/missing'\'' automake-1.18'
AWK='awk'
CC='gcc'
CCAS='gcc'
CCASDEPMODE='depmode=gcc3'
CCASFLAGS='-g -O2'
CCDEPMODE='depmode=gcc3'
CFLAGS='-g -O2'
CPPFLAGS=''
CSCOPE='cscope'
CTAGS='ctags'
CXX='g++ -std=gnu++11 -std=gnu++11'
CXXCPP='g++ -std=gnu++11 -E -std=gnu++11'
CXXDEPMODE='depmode=gcc3'
CXXFLAGS='-g -O2'
CYGPATH_W='echo'
DEFS='-DPACKAGE_NAME=\"ant-war\" -DPACKAGE_TARNAME=\"ant-war\" -DPACKAGE_VERSION=\"0.1.0\" -DPACKAGE_STRING=\"ant-war\ 0.1.0\" -DPACKAGE_BUGREPORT=\"\" -DPACKAGE_URL=\"\" -DHAVE_STDIO_H=1 -DHAVE_STDLIB_H=1 -DHAVE_STRING_H=1 -DHAVE_INTTYPES_H=1 -DHAVE_STDINT_H=1 -DHAVE_STRINGS_H=1 -DHAVE_SYS_STAT_H=1 -DHAVE_SYS_TYPES_H=1 -DHAVE_UNISTD_H=1 -DSTDC_HEADERS=1 -DHAVE_DLFCN_H=1 -DLT_OBJDIR=\".libs/\" -DPACKAGE=\"ant-war\" -DVERSION=\"0.1.0\" -DHAVE_CXX11=1'
DEPDIR='.deps'
DLLTOOL='false'
DSYMUTIL='dsymutil'
DUMPBIN=''
ECHO_C='\c'
ECHO_N=''
ECHO_T=''
EGREP='/usr/bin/grep -E'
ETAGS='etags'
EXEEXT=''
FGREP='/usr/bin/grep -F'
FILECMD='file'
GREP='/usr/bin/grep'
HAVE_CXX11='1'
INSTALL_DATA='${INSTALL} -m 644'
INSTALL_PROGRAM='${INSTALL}'
INSTALL_SCRIPT='${INSTALL}'
INSTALL_STRIP_PROGRAM='$(install_sh) -c -s'
LD='/Library/Developer/CommandLineTools/usr/bin/ld'
LDEPS_CFLAGS='-I/opt/homebrew/Cellar/sdl2_gfx/1.0.4/include/SDL2 -I/opt/homebrew/include -I/opt/homebrew/include/SDL2 -D_THREAD_SAFE'
LDEPS_LIBS='-L/opt/homebrew/Cellar/sdl2_gfx/1.0.4/lib -lSDL2_gfx -L/opt/homebrew/lib -lSDL2'
LDFLAGS=''
LIBOBJS=''
LIBS=''
LIBTOOL='$(SHELL) $(top_builddir)/libtool'
LIPO='lipo'
LN_S='ln -s'
LTLIBOBJS=''
LT_SYS_LIBRARY_PATH=''
MAKEINFO='${SHELL} '\''/Users/allysa/ant-war-root/missing'\'' makeinfo'
MANIFEST_TOOL=':'
MKDIR_P='mkdir -p'
NM='/usr/bin/nm -B'
NMEDIT='nmedit'
OBJDUMP='objdump'
OBJEXT='o'
OTOOL64=':'
OTOOL='otool'
PACKAGE='ant-war'
PACKAGE_BUGREPORT=''
PACKAGE_NAME='ant-war'
PACKAGE_STRING='ant-war 0.1.0'
PACKAGE_TARNAME='ant-war'
PACKAGE_URL=''
PACKAGE_VERSION='0.1.0'
PATH_SEPARATOR=':'
PKG_CONFIG='/opt/homebrew/bin/pkg-config'
PKG_CONFIG_LIBDIR=''
PKG_CONFIG_PATH='/opt/homebrew/lib/pkgconfig/'
RANLIB='ranlib'
SED='/opt/homebrew/bin/gsed'
SET_MAKE=''
SHELL='/bin/sh'
STRIP='strip'
VERSION='0.1.0'
ac_ct_AR='ar'
ac_ct_CC='gcc'
ac_ct_CXX='g++'
ac_ct_DUMPBIN=''
am__EXEEXT_FALSE=''
am__EXEEXT_TRUE='#'
am__fastdepCCAS_FALSE='#'
am__fastdepCCAS_TRUE=''
am__fastdepCC_FALSE='#'
am__fastdepCC_TRUE=''
am__fastdepCXX_FALSE='#'
am__fastdepCXX_TRUE=''
am__include='include'
am__isrc=''
am__leading_dot='.'
am__nodep='_no'
am__quote=''
am__rm_f_notfound=''
am__tar='tar --format=ustar -chf - "$$tardir"'
am__untar='tar -xf -'
am__xargs_n='xargs -n'
bindir='${exec_prefix}/bin'
build='aarch64-apple-darwin24.3.0'
build_alias=''
build_cpu='aarch64'
build_os='darwin24.3.0'
build_vendor='apple'
datadir='${datarootdir}'
datarootdir='${prefix}/share'
docdir='${datarootdir}/doc/${PACKAGE_TARNAME}'
dvidir='${docdir}'
exec_prefix='${prefix}'
host='aarch64-apple-darwin24.3.0'
host_alias=''
host_cpu='aarch64'
host_os='darwin24.3.0'
host_vendor='apple'
htmldir='${docdir}'
includedir='${prefix}/include'
infodir='${datarootdir}/info'
install_sh='${SHELL} /Users/allysa/ant-war-root/install-sh'
libdir='${exec_prefix}/lib'
libexecdir='${exec_prefix}/libexec'
localedir='${datarootdir}/locale'
localstatedir='${prefix}/var'
mandir='${datarootdir}/man'
mkdir_p='$(MKDIR_P)'
oldincludedir='/usr/include'
pdfdir='${docdir}'
prefix='/usr/local'
program_transform_name='s,x,x,'
psdir='${docdir}'
runstatedir='${localstatedir}/run'
sbindir='${exec_prefix}/sbin'
sharedstatedir='${prefix}/com'
sysconfdir='${prefix}/etc'
target_alias=''

## ----------- ##
## confdefs.h. ##
## ----------- ##

/* confdefs.h */
#define PACKAGE_NAME "ant-war"
#define PACKAGE_TARNAME "ant-war"
#define PACKAGE_VERSION "0.1.0"
#define PACKAGE_STRING "ant-war 0.1.0"
#define PACKAGE_BUGREPORT ""
#define PACKAGE_URL ""
#define HAVE_STDIO_H 1
#define HAVE_STDLIB_H 1
#define HAVE_STRING_H 1
#define HAVE_INTTYPES_H 1
#define HAVE_STDINT_H 1
#define HAVE_STRINGS_H 1
#define HAVE_SYS_STAT_H 1
#define HAVE_SYS_TYPES_H 1
#define HAVE_UNISTD_H 1
#define STDC_HEADERS 1
#define HAVE_DLFCN_H 1
#define LT_OBJDIR ".libs/"
#define PACKAGE "ant-war"
#define VERSION "0.1.0"
#define HAVE_CXX11 1

configure: exit 0
